<?xml version="1.0" encoding="UTF-8"?>
<!-- Generated by org.testng.reporters.JUnitXMLReporter -->
<testsuite hostname="Java" name="Default test" tests="24" failures="0" timestamp="20 Jul 2014 10:09:32 GMT" time="0.226" errors="0">
  <testcase name="ASCIIToCharTest" time="0.026" classname="test.ng.parameter.testing.TestCharUtils"/>
  <testcase name="ASCIIToCharTest" time="0.01" classname="test.ng.parameter.testing.TestCharUtils"/>
  <testcase name="ASCIIToCharTest" time="0.001" classname="test.ng.parameter.testing.TestCharUtils"/>
  <testcase name="ASCIIToCharTest" time="0.0" classname="test.ng.parameter.testing.TestCharUtils"/>
  <testcase name="ASCIIToCharTest" time="0.0" classname="test.ng.parameter.testing.TestCharUtils"/>
  <testcase name="ASCIIToCharTest" time="0.001" classname="test.ng.parameter.testing.TestCharUtils"/>
  <testcase name="ASCIIToCharTest" time="0.001" classname="test.ng.parameter.testing.TestCharUtils"/>
  <testcase name="ASCIIToCharTest" time="0.001" classname="test.ng.parameter.testing.TestCharUtils"/>
  <testcase name="ASCIIToCharTest" time="0.001" classname="test.ng.parameter.testing.TestCharUtils"/>
  <testcase name="ASCIIToCharTest" time="0.0" classname="test.ng.parameter.testing.TestCharUtils"/>
  <testcase name="ASCIIToCharTest" time="0.0" classname="test.ng.parameter.testing.TestCharUtils"/>
  <testcase name="ASCIIToCharTest" time="0.0" classname="test.ng.parameter.testing.TestCharUtils"/>
  <testcase name="CharToASCIITest" time="0.005" classname="test.ng.parameter.testing.TestCharUtils"/>
  <testcase name="CharToASCIITest" time="0.001" classname="test.ng.parameter.testing.TestCharUtils"/>
  <testcase name="CharToASCIITest" time="0.009" classname="test.ng.parameter.testing.TestCharUtils"/>
  <testcase name="CharToASCIITest" time="0.001" classname="test.ng.parameter.testing.TestCharUtils"/>
  <testcase name="CharToASCIITest" time="0.001" classname="test.ng.parameter.testing.TestCharUtils"/>
  <testcase name="CharToASCIITest" time="0.001" classname="test.ng.parameter.testing.TestCharUtils"/>
  <testcase name="CharToASCIITest" time="0.0" classname="test.ng.parameter.testing.TestCharUtils"/>
  <testcase name="CharToASCIITest" time="0.001" classname="test.ng.parameter.testing.TestCharUtils"/>
  <testcase name="CharToASCIITest" time="0.0" classname="test.ng.parameter.testing.TestCharUtils"/>
  <testcase name="CharToASCIITest" time="0.002" classname="test.ng.parameter.testing.TestCharUtils"/>
  <testcase name="CharToASCIITest" time="0.001" classname="test.ng.parameter.testing.TestCharUtils"/>
  <testcase name="CharToASCIITest" time="0.001" classname="test.ng.parameter.testing.TestCharUtils"/>
</testsuite> <!-- Default test -->
